<?xml version="1.0" encoding="UTF-8"?>
<robot generator="Robot 4.0.1 (Python 3.6.9 on linux)" generated="20210423 17:43:22.997" rpa="false" schemaversion="2">
<suite id="s1" name="Roboproject1" source="/home/kartik/Downloads/SEM 8/Training ALTRAN/Testing/Roboproject1">
<suite id="s1-s1" name="Test" source="/home/kartik/Downloads/SEM 8/Training ALTRAN/Testing/Roboproject1/Test">
<suite id="s1-s1-s1" name="Testsuite1" source="/home/kartik/Downloads/SEM 8/Training ALTRAN/Testing/Roboproject1/Test/Testsuite1.robot">
<kw name="Log" library="BuiltIn" type="SETUP">
<arg>i am inside test suit setup</arg>
<doc>Logs the given message with the given level.</doc>
<msg timestamp="20210423 17:43:27.546" level="INFO">i am inside test suit setup</msg>
<status status="PASS" starttime="20210423 17:43:27.525" endtime="20210423 17:43:27.546"/>
</kw>
<test id="s1-s1-s1-t1" name="Myfirsttest">
<kw name="Log" library="BuiltIn" type="SETUP">
<arg>i am inside test setup</arg>
<doc>Logs the given message with the given level.</doc>
<msg timestamp="20210423 17:43:27.550" level="INFO">i am inside test setup</msg>
<status status="PASS" starttime="20210423 17:43:27.549" endtime="20210423 17:43:27.550"/>
</kw>
<kw name="Log" library="BuiltIn">
<arg>hello world</arg>
<doc>Logs the given message with the given level.</doc>
<msg timestamp="20210423 17:43:27.552" level="INFO">hello world</msg>
<status status="PASS" starttime="20210423 17:43:27.551" endtime="20210423 17:43:27.552"/>
</kw>
<kw name="Log" library="BuiltIn" type="TEARDOWN">
<arg>i am inside test teardown</arg>
<doc>Logs the given message with the given level.</doc>
<msg timestamp="20210423 17:43:27.553" level="INFO">i am inside test teardown</msg>
<status status="PASS" starttime="20210423 17:43:27.553" endtime="20210423 17:43:27.554"/>
</kw>
<tag>holy smoke</tag>
<status status="PASS" starttime="20210423 17:43:27.547" endtime="20210423 17:43:27.554"/>
</test>
<test id="s1-s1-s1-t2" name="secontest">
<kw name="Log" library="BuiltIn" type="SETUP">
<arg>i am inside test setup</arg>
<doc>Logs the given message with the given level.</doc>
<msg timestamp="20210423 17:43:27.557" level="INFO">i am inside test setup</msg>
<status status="PASS" starttime="20210423 17:43:27.557" endtime="20210423 17:43:27.558"/>
</kw>
<kw name="Set Tags" library="BuiltIn">
<arg>regression1</arg>
<doc>Adds given ``tags`` for the current test or all tests in a suite.</doc>
<msg timestamp="20210423 17:43:27.559" level="INFO">Set tag 'regression1'.</msg>
<status status="PASS" starttime="20210423 17:43:27.558" endtime="20210423 17:43:27.560"/>
</kw>
<kw name="Log" library="BuiltIn">
<arg>this second test</arg>
<doc>Logs the given message with the given level.</doc>
<msg timestamp="20210423 17:43:27.561" level="INFO">this second test</msg>
<status status="PASS" starttime="20210423 17:43:27.560" endtime="20210423 17:43:27.561"/>
</kw>
<kw name="Remove Tags" library="BuiltIn">
<arg>regression1</arg>
<doc>Removes given ``tags`` from the current test or all tests in a suite.</doc>
<msg timestamp="20210423 17:43:27.562" level="INFO">Removed tag 'regression1'.</msg>
<status status="PASS" starttime="20210423 17:43:27.561" endtime="20210423 17:43:27.562"/>
</kw>
<kw name="Log" library="BuiltIn" type="TEARDOWN">
<arg>i am inside test teardown</arg>
<doc>Logs the given message with the given level.</doc>
<msg timestamp="20210423 17:43:27.563" level="INFO">i am inside test teardown</msg>
<status status="PASS" starttime="20210423 17:43:27.563" endtime="20210423 17:43:27.564"/>
</kw>
<tag>kartik</tag>
<status status="PASS" starttime="20210423 17:43:27.555" endtime="20210423 17:43:27.564"/>
</test>
<test id="s1-s1-s1-t3" name="firstseleniumtest">
<kw name="Log" library="BuiltIn" type="SETUP">
<arg>i am inside test setup</arg>
<doc>Logs the given message with the given level.</doc>
<msg timestamp="20210423 17:43:27.566" level="INFO">i am inside test setup</msg>
<status status="PASS" starttime="20210423 17:43:27.566" endtime="20210423 17:43:27.566"/>
</kw>
<kw name="openitall">
<kw name="Open Browser" library="SeleniumLibrary">
<arg>${url}</arg>
<arg>chrome</arg>
<doc>Opens a new browser instance to the optional ``url``.</doc>
<msg timestamp="20210423 17:43:27.568" level="INFO">Opening browser 'chrome' to base url 'https://google.com'.</msg>
<status status="PASS" starttime="20210423 17:43:27.568" endtime="20210423 17:43:55.111"/>
</kw>
<kw name="Set Browser Implicit Wait" library="SeleniumLibrary">
<arg>5</arg>
<doc>Sets the implicit wait value used by Selenium.</doc>
<status status="PASS" starttime="20210423 17:43:55.112" endtime="20210423 17:43:55.116"/>
</kw>
<kw name="Input Text" library="SeleniumLibrary">
<arg>name=q</arg>
<arg>kartik mewara</arg>
<doc>Types the given ``text`` into the text field identified by ``locator``.</doc>
<msg timestamp="20210423 17:43:55.119" level="INFO">Typing text 'kartik mewara' into text field 'name=q'.</msg>
<status status="PASS" starttime="20210423 17:43:55.116" endtime="20210423 17:43:55.646"/>
</kw>
<kw name="Press Keys" library="SeleniumLibrary">
<arg>name=q</arg>
<arg>ENTER</arg>
<doc>Simulates the user pressing key(s) to an element or on the active browser.</doc>
<msg timestamp="20210423 17:43:55.648" level="INFO">Sending key(s) ('ENTER',) to name=q element.</msg>
<msg timestamp="20210423 17:43:56.098" level="INFO">Pressing special key ENTER to element.</msg>
<msg timestamp="20210423 17:43:56.099" level="INFO">Releasing special key ENTER.</msg>
<status status="PASS" starttime="20210423 17:43:55.646" endtime="20210423 17:44:00.052"/>
</kw>
<kw name="Sleep" library="BuiltIn">
<arg>2</arg>
<doc>Pauses the test executed for the given time.</doc>
<msg timestamp="20210423 17:44:02.055" level="INFO">Slept 2 seconds</msg>
<status status="PASS" starttime="20210423 17:44:00.052" endtime="20210423 17:44:02.055"/>
</kw>
<kw name="Close Browser" library="SeleniumLibrary">
<doc>Closes the current browser.</doc>
<status status="PASS" starttime="20210423 17:44:02.056" endtime="20210423 17:44:02.122"/>
</kw>
<status status="PASS" starttime="20210423 17:43:27.567" endtime="20210423 17:44:02.123"/>
</kw>
<kw name="Log" library="BuiltIn" type="TEARDOWN">
<arg>i am inside test teardown</arg>
<doc>Logs the given message with the given level.</doc>
<msg timestamp="20210423 17:44:02.125" level="INFO">i am inside test teardown</msg>
<status status="PASS" starttime="20210423 17:44:02.124" endtime="20210423 17:44:02.125"/>
</kw>
<tag>kartik</tag>
<status status="PASS" starttime="20210423 17:43:27.565" endtime="20210423 17:44:02.126"/>
</test>
<kw name="Log" library="BuiltIn" type="TEARDOWN">
<arg>i am inside test suit teardown</arg>
<doc>Logs the given message with the given level.</doc>
<msg timestamp="20210423 17:44:02.137" level="INFO">i am inside test suit teardown</msg>
<status status="PASS" starttime="20210423 17:44:02.136" endtime="20210423 17:44:02.138"/>
</kw>
<status status="PASS" starttime="20210423 17:43:23.581" endtime="20210423 17:44:02.138"/>
</suite>
<status status="PASS" starttime="20210423 17:43:23.566" endtime="20210423 17:44:02.149"/>
</suite>
<status status="PASS" starttime="20210423 17:43:23.380" endtime="20210423 17:44:02.153"/>
</suite>
<statistics>
<total>
<stat pass="3" fail="0" skip="0">All Tests</stat>
</total>
<tag>
<stat pass="1" fail="0" skip="0">holy smoke</stat>
<stat pass="2" fail="0" skip="0">kartik</stat>
</tag>
<suite>
<stat pass="3" fail="0" skip="0" id="s1" name="Roboproject1">Roboproject1</stat>
<stat pass="3" fail="0" skip="0" id="s1-s1" name="Test">Roboproject1.Test</stat>
<stat pass="3" fail="0" skip="0" id="s1-s1-s1" name="Testsuite1">Roboproject1.Test.Testsuite1</stat>
</suite>
</statistics>
<errors>
</errors>
</robot>
